<?xml version="1.0" encoding="UTF-8"?>
<testsuite xmlns:xsi="http://www.w3.org/2001/XMLSchema-instance" xsi:noNamespaceSchemaLocation="https://maven.apache.org/surefire/maven-surefire-plugin/xsd/surefire-test-report.xsd" name="de.ls5.wt2.jsonidentitiyinfo.JsonIdentityInfoTest" time="0" tests="1" errors="0" skipped="0" failures="0">
  <properties>
    <property name="java.specification.version" value="20"/>
    <property name="sun.jnu.encoding" value="UTF-8"/>
    <property name="java.class.path" value="/Users/valeriamihalskaa/Studium/WEB2/REST/code_examples/example06/example06-presentation/target/test-classes:/Users/valeriamihalskaa/Studium/WEB2/REST/code_examples/example06/example06-presentation/target/classes:/Users/valeriamihalskaa/Studium/WEB2/REST/code_examples/example06/example06-business/target/example06-business-0.1-SNAPSHOT.jar:/Users/valeriamihalskaa/Studium/WEB2/REST/code_examples/example06/example06-persistence/target/example06-persistence-0.1-SNAPSHOT.jar:/Users/valeriamihalskaa/.m2/repository/org/springframework/boot/spring-boot-starter-data-jpa/2.7.10/spring-boot-starter-data-jpa-2.7.10.jar:/Users/valeriamihalskaa/.m2/repository/org/springframework/boot/spring-boot-starter-aop/2.7.10/spring-boot-starter-aop-2.7.10.jar:/Users/valeriamihalskaa/.m2/repository/org/aspectj/aspectjweaver/1.9.7/aspectjweaver-1.9.7.jar:/Users/valeriamihalskaa/.m2/repository/org/springframework/boot/spring-boot-starter-jdbc/2.7.10/spring-boot-starter-jdbc-2.7.10.jar:/Users/valeriamihalskaa/.m2/repository/com/zaxxer/HikariCP/4.0.3/HikariCP-4.0.3.jar:/Users/valeriamihalskaa/.m2/repository/org/springframework/spring-jdbc/5.3.26/spring-jdbc-5.3.26.jar:/Users/valeriamihalskaa/.m2/repository/jakarta/transaction/jakarta.transaction-api/1.3.3/jakarta.transaction-api-1.3.3.jar:/Users/valeriamihalskaa/.m2/repository/jakarta/persistence/jakarta.persistence-api/2.2.3/jakarta.persistence-api-2.2.3.jar:/Users/valeriamihalskaa/.m2/repository/org/hibernate/hibernate-core/5.6.15.Final/hibernate-core-5.6.15.Final.jar:/Users/valeriamihalskaa/.m2/repository/org/jboss/logging/jboss-logging/3.4.3.Final/jboss-logging-3.4.3.Final.jar:/Users/valeriamihalskaa/.m2/repository/antlr/antlr/2.7.7/antlr-2.7.7.jar:/Users/valeriamihalskaa/.m2/repository/org/jboss/jandex/2.4.2.Final/jandex-2.4.2.Final.jar:/Users/valeriamihalskaa/.m2/repository/com/fasterxml/classmate/1.5.1/classmate-1.5.1.jar:/Users/valeriamihalskaa/.m2/repository/org/hibernate/common/hibernate-commons-annotations/5.1.2.Final/hibernate-commons-annotations-5.1.2.Final.jar:/Users/valeriamihalskaa/.m2/repository/org/glassfish/jaxb/jaxb-runtime/2.3.8/jaxb-runtime-2.3.8.jar:/Users/valeriamihalskaa/.m2/repository/org/glassfish/jaxb/txw2/2.3.8/txw2-2.3.8.jar:/Users/valeriamihalskaa/.m2/repository/com/sun/istack/istack-commons-runtime/3.0.12/istack-commons-runtime-3.0.12.jar:/Users/valeriamihalskaa/.m2/repository/com/sun/activation/jakarta.activation/1.2.2/jakarta.activation-1.2.2.jar:/Users/valeriamihalskaa/.m2/repository/org/springframework/data/spring-data-jpa/2.7.10/spring-data-jpa-2.7.10.jar:/Users/valeriamihalskaa/.m2/repository/org/springframework/data/spring-data-commons/2.7.10/spring-data-commons-2.7.10.jar:/Users/valeriamihalskaa/.m2/repository/org/springframework/spring-orm/5.3.26/spring-orm-5.3.26.jar:/Users/valeriamihalskaa/.m2/repository/org/springframework/spring-tx/5.3.26/spring-tx-5.3.26.jar:/Users/valeriamihalskaa/.m2/repository/com/h2database/h2/2.1.214/h2-2.1.214.jar:/Users/valeriamihalskaa/.m2/repository/org/apache/shiro/shiro-core/1.11.0/shiro-core-1.11.0.jar:/Users/valeriamihalskaa/.m2/repository/org/apache/shiro/shiro-lang/1.11.0/shiro-lang-1.11.0.jar:/Users/valeriamihalskaa/.m2/repository/org/apache/shiro/shiro-cache/1.11.0/shiro-cache-1.11.0.jar:/Users/valeriamihalskaa/.m2/repository/org/apache/shiro/shiro-crypto-hash/1.11.0/shiro-crypto-hash-1.11.0.jar:/Users/valeriamihalskaa/.m2/repository/org/apache/shiro/shiro-crypto-core/1.11.0/shiro-crypto-core-1.11.0.jar:/Users/valeriamihalskaa/.m2/repository/org/apache/shiro/shiro-crypto-cipher/1.11.0/shiro-crypto-cipher-1.11.0.jar:/Users/valeriamihalskaa/.m2/repository/org/apache/shiro/shiro-config-core/1.11.0/shiro-config-core-1.11.0.jar:/Users/valeriamihalskaa/.m2/repository/org/apache/shiro/shiro-config-ogdl/1.11.0/shiro-config-ogdl-1.11.0.jar:/Users/valeriamihalskaa/.m2/repository/commons-beanutils/commons-beanutils/1.9.4/commons-beanutils-1.9.4.jar:/Users/valeriamihalskaa/.m2/repository/commons-collections/commons-collections/3.2.2/commons-collections-3.2.2.jar:/Users/valeriamihalskaa/.m2/repository/org/apache/shiro/shiro-event/1.11.0/shiro-event-1.11.0.jar:/Users/valeriamihalskaa/.m2/repository/org/apache/shiro/shiro-web/1.11.0/shiro-web-1.11.0.jar:/Users/valeriamihalskaa/.m2/repository/org/owasp/encoder/encoder/1.2.3/encoder-1.2.3.jar:/Users/valeriamihalskaa/.m2/repository/com/nimbusds/nimbus-jose-jwt/9.31/nimbus-jose-jwt-9.31.jar:/Users/valeriamihalskaa/.m2/repository/com/github/stephenc/jcip/jcip-annotations/1.0-1/jcip-annotations-1.0-1.jar:/Users/valeriamihalskaa/.m2/repository/org/springframework/boot/spring-boot-starter-web/2.7.10/spring-boot-starter-web-2.7.10.jar:/Users/valeriamihalskaa/.m2/repository/org/springframework/boot/spring-boot-starter/2.7.10/spring-boot-starter-2.7.10.jar:/Users/valeriamihalskaa/.m2/repository/org/springframework/boot/spring-boot/2.7.10/spring-boot-2.7.10.jar:/Users/valeriamihalskaa/.m2/repository/org/springframework/boot/spring-boot-starter-logging/2.7.10/spring-boot-starter-logging-2.7.10.jar:/Users/valeriamihalskaa/.m2/repository/ch/qos/logback/logback-classic/1.2.11/logback-classic-1.2.11.jar:/Users/valeriamihalskaa/.m2/repository/ch/qos/logback/logback-core/1.2.11/logback-core-1.2.11.jar:/Users/valeriamihalskaa/.m2/repository/org/apache/logging/log4j/log4j-to-slf4j/2.17.2/log4j-to-slf4j-2.17.2.jar:/Users/valeriamihalskaa/.m2/repository/org/apache/logging/log4j/log4j-api/2.17.2/log4j-api-2.17.2.jar:/Users/valeriamihalskaa/.m2/repository/org/slf4j/jul-to-slf4j/1.7.36/jul-to-slf4j-1.7.36.jar:/Users/valeriamihalskaa/.m2/repository/jakarta/annotation/jakarta.annotation-api/1.3.5/jakarta.annotation-api-1.3.5.jar:/Users/valeriamihalskaa/.m2/repository/org/yaml/snakeyaml/1.30/snakeyaml-1.30.jar:/Users/valeriamihalskaa/.m2/repository/org/springframework/boot/spring-boot-starter-json/2.7.10/spring-boot-starter-json-2.7.10.jar:/Users/valeriamihalskaa/.m2/repository/com/fasterxml/jackson/core/jackson-databind/2.13.5/jackson-databind-2.13.5.jar:/Users/valeriamihalskaa/.m2/repository/com/fasterxml/jackson/core/jackson-annotations/2.13.5/jackson-annotations-2.13.5.jar:/Users/valeriamihalskaa/.m2/repository/com/fasterxml/jackson/core/jackson-core/2.13.5/jackson-core-2.13.5.jar:/Users/valeriamihalskaa/.m2/repository/com/fasterxml/jackson/datatype/jackson-datatype-jdk8/2.13.5/jackson-datatype-jdk8-2.13.5.jar:/Users/valeriamihalskaa/.m2/repository/com/fasterxml/jackson/datatype/jackson-datatype-jsr310/2.13.5/jackson-datatype-jsr310-2.13.5.jar:/Users/valeriamihalskaa/.m2/repository/com/fasterxml/jackson/module/jackson-module-parameter-names/2.13.5/jackson-module-parameter-names-2.13.5.jar:/Users/valeriamihalskaa/.m2/repository/org/springframework/boot/spring-boot-starter-tomcat/2.7.10/spring-boot-starter-tomcat-2.7.10.jar:/Users/valeriamihalskaa/.m2/repository/org/apache/tomcat/embed/tomcat-embed-core/9.0.73/tomcat-embed-core-9.0.73.jar:/Users/valeriamihalskaa/.m2/repository/org/apache/tomcat/embed/tomcat-embed-el/9.0.73/tomcat-embed-el-9.0.73.jar:/Users/valeriamihalskaa/.m2/repository/org/apache/tomcat/embed/tomcat-embed-websocket/9.0.73/tomcat-embed-websocket-9.0.73.jar:/Users/valeriamihalskaa/.m2/repository/org/springframework/spring-web/5.3.26/spring-web-5.3.26.jar:/Users/valeriamihalskaa/.m2/repository/org/springframework/spring-beans/5.3.26/spring-beans-5.3.26.jar:/Users/valeriamihalskaa/.m2/repository/org/springframework/spring-webmvc/5.3.26/spring-webmvc-5.3.26.jar:/Users/valeriamihalskaa/.m2/repository/org/springframework/spring-aop/5.3.26/spring-aop-5.3.26.jar:/Users/valeriamihalskaa/.m2/repository/org/springframework/spring-context/5.3.26/spring-context-5.3.26.jar:/Users/valeriamihalskaa/.m2/repository/org/springframework/spring-expression/5.3.26/spring-expression-5.3.26.jar:/Users/valeriamihalskaa/.m2/repository/org/springframework/boot/spring-boot-starter-test/2.7.10/spring-boot-starter-test-2.7.10.jar:/Users/valeriamihalskaa/.m2/repository/org/springframework/boot/spring-boot-test/2.7.10/spring-boot-test-2.7.10.jar:/Users/valeriamihalskaa/.m2/repository/org/springframework/boot/spring-boot-test-autoconfigure/2.7.10/spring-boot-test-autoconfigure-2.7.10.jar:/Users/valeriamihalskaa/.m2/repository/com/jayway/jsonpath/json-path/2.7.0/json-path-2.7.0.jar:/Users/valeriamihalskaa/.m2/repository/net/minidev/json-smart/2.4.10/json-smart-2.4.10.jar:/Users/valeriamihalskaa/.m2/repository/net/minidev/accessors-smart/2.4.9/accessors-smart-2.4.9.jar:/Users/valeriamihalskaa/.m2/repository/org/ow2/asm/asm/9.3/asm-9.3.jar:/Users/valeriamihalskaa/.m2/repository/org/slf4j/slf4j-api/1.7.36/slf4j-api-1.7.36.jar:/Users/valeriamihalskaa/.m2/repository/jakarta/xml/bind/jakarta.xml.bind-api/2.3.3/jakarta.xml.bind-api-2.3.3.jar:/Users/valeriamihalskaa/.m2/repository/jakarta/activation/jakarta.activation-api/1.2.2/jakarta.activation-api-1.2.2.jar:/Users/valeriamihalskaa/.m2/repository/org/assertj/assertj-core/3.22.0/assertj-core-3.22.0.jar:/Users/valeriamihalskaa/.m2/repository/org/hamcrest/hamcrest/2.2/hamcrest-2.2.jar:/Users/valeriamihalskaa/.m2/repository/org/junit/jupiter/junit-jupiter/5.8.2/junit-jupiter-5.8.2.jar:/Users/valeriamihalskaa/.m2/repository/org/junit/jupiter/junit-jupiter-api/5.8.2/junit-jupiter-api-5.8.2.jar:/Users/valeriamihalskaa/.m2/repository/org/opentest4j/opentest4j/1.2.0/opentest4j-1.2.0.jar:/Users/valeriamihalskaa/.m2/repository/org/junit/platform/junit-platform-commons/1.8.2/junit-platform-commons-1.8.2.jar:/Users/valeriamihalskaa/.m2/repository/org/apiguardian/apiguardian-api/1.1.2/apiguardian-api-1.1.2.jar:/Users/valeriamihalskaa/.m2/repository/org/junit/jupiter/junit-jupiter-params/5.8.2/junit-jupiter-params-5.8.2.jar:/Users/valeriamihalskaa/.m2/repository/org/junit/jupiter/junit-jupiter-engine/5.8.2/junit-jupiter-engine-5.8.2.jar:/Users/valeriamihalskaa/.m2/repository/org/junit/platform/junit-platform-engine/1.8.2/junit-platform-engine-1.8.2.jar:/Users/valeriamihalskaa/.m2/repository/org/mockito/mockito-core/4.5.1/mockito-core-4.5.1.jar:/Users/valeriamihalskaa/.m2/repository/net/bytebuddy/byte-buddy/1.12.23/byte-buddy-1.12.23.jar:/Users/valeriamihalskaa/.m2/repository/net/bytebuddy/byte-buddy-agent/1.12.23/byte-buddy-agent-1.12.23.jar:/Users/valeriamihalskaa/.m2/repository/org/objenesis/objenesis/3.2/objenesis-3.2.jar:/Users/valeriamihalskaa/.m2/repository/org/mockito/mockito-junit-jupiter/4.5.1/mockito-junit-jupiter-4.5.1.jar:/Users/valeriamihalskaa/.m2/repository/org/skyscreamer/jsonassert/1.5.1/jsonassert-1.5.1.jar:/Users/valeriamihalskaa/.m2/repository/com/vaadin/external/google/android-json/0.0.20131108.vaadin1/android-json-0.0.20131108.vaadin1.jar:/Users/valeriamihalskaa/.m2/repository/org/springframework/spring-core/5.3.26/spring-core-5.3.26.jar:/Users/valeriamihalskaa/.m2/repository/org/springframework/spring-jcl/5.3.26/spring-jcl-5.3.26.jar:/Users/valeriamihalskaa/.m2/repository/org/springframework/spring-test/5.3.26/spring-test-5.3.26.jar:/Users/valeriamihalskaa/.m2/repository/org/xmlunit/xmlunit-core/2.9.1/xmlunit-core-2.9.1.jar:/Users/valeriamihalskaa/.m2/repository/org/apache/shiro/shiro-spring-boot-web-starter/1.11.0/shiro-spring-boot-web-starter-1.11.0.jar:/Users/valeriamihalskaa/.m2/repository/org/apache/shiro/shiro-spring-boot-starter/1.11.0/shiro-spring-boot-starter-1.11.0.jar:/Users/valeriamihalskaa/.m2/repository/org/apache/shiro/shiro-spring/1.11.0/shiro-spring-1.11.0.jar:/Users/valeriamihalskaa/.m2/repository/org/springframework/boot/spring-boot-autoconfigure/2.7.10/spring-boot-autoconfigure-2.7.10.jar:"/>
    <property name="java.vm.vendor" value="Homebrew"/>
    <property name="sun.arch.data.model" value="64"/>
    <property name="java.vendor.url" value="https://github.com/Homebrew/homebrew-core/issues"/>
    <property name="os.name" value="Mac OS X"/>
    <property name="java.vm.specification.version" value="20"/>
    <property name="sun.java.launcher" value="SUN_STANDARD"/>
    <property name="user.country" value="DE"/>
    <property name="sun.boot.library.path" value="/usr/local/Cellar/openjdk/20/libexec/openjdk.jdk/Contents/Home/lib"/>
    <property name="sun.java.command" value="/Users/valeriamihalskaa/Studium/WEB2/REST/code_examples/example06/example06-presentation/target/surefire/surefirebooter10328538998246030399.jar /Users/valeriamihalskaa/Studium/WEB2/REST/code_examples/example06/example06-presentation/target/surefire 2023-04-30T22-46-03_625-jvmRun1 surefire17414184816451400090tmp surefire_08169291652758389705tmp"/>
    <property name="jdk.debug" value="release"/>
    <property name="surefire.test.class.path" value="/Users/valeriamihalskaa/Studium/WEB2/REST/code_examples/example06/example06-presentation/target/test-classes:/Users/valeriamihalskaa/Studium/WEB2/REST/code_examples/example06/example06-presentation/target/classes:/Users/valeriamihalskaa/Studium/WEB2/REST/code_examples/example06/example06-business/target/example06-business-0.1-SNAPSHOT.jar:/Users/valeriamihalskaa/Studium/WEB2/REST/code_examples/example06/example06-persistence/target/example06-persistence-0.1-SNAPSHOT.jar:/Users/valeriamihalskaa/.m2/repository/org/springframework/boot/spring-boot-starter-data-jpa/2.7.10/spring-boot-starter-data-jpa-2.7.10.jar:/Users/valeriamihalskaa/.m2/repository/org/springframework/boot/spring-boot-starter-aop/2.7.10/spring-boot-starter-aop-2.7.10.jar:/Users/valeriamihalskaa/.m2/repository/org/aspectj/aspectjweaver/1.9.7/aspectjweaver-1.9.7.jar:/Users/valeriamihalskaa/.m2/repository/org/springframework/boot/spring-boot-starter-jdbc/2.7.10/spring-boot-starter-jdbc-2.7.10.jar:/Users/valeriamihalskaa/.m2/repository/com/zaxxer/HikariCP/4.0.3/HikariCP-4.0.3.jar:/Users/valeriamihalskaa/.m2/repository/org/springframework/spring-jdbc/5.3.26/spring-jdbc-5.3.26.jar:/Users/valeriamihalskaa/.m2/repository/jakarta/transaction/jakarta.transaction-api/1.3.3/jakarta.transaction-api-1.3.3.jar:/Users/valeriamihalskaa/.m2/repository/jakarta/persistence/jakarta.persistence-api/2.2.3/jakarta.persistence-api-2.2.3.jar:/Users/valeriamihalskaa/.m2/repository/org/hibernate/hibernate-core/5.6.15.Final/hibernate-core-5.6.15.Final.jar:/Users/valeriamihalskaa/.m2/repository/org/jboss/logging/jboss-logging/3.4.3.Final/jboss-logging-3.4.3.Final.jar:/Users/valeriamihalskaa/.m2/repository/antlr/antlr/2.7.7/antlr-2.7.7.jar:/Users/valeriamihalskaa/.m2/repository/org/jboss/jandex/2.4.2.Final/jandex-2.4.2.Final.jar:/Users/valeriamihalskaa/.m2/repository/com/fasterxml/classmate/1.5.1/classmate-1.5.1.jar:/Users/valeriamihalskaa/.m2/repository/org/hibernate/common/hibernate-commons-annotations/5.1.2.Final/hibernate-commons-annotations-5.1.2.Final.jar:/Users/valeriamihalskaa/.m2/repository/org/glassfish/jaxb/jaxb-runtime/2.3.8/jaxb-runtime-2.3.8.jar:/Users/valeriamihalskaa/.m2/repository/org/glassfish/jaxb/txw2/2.3.8/txw2-2.3.8.jar:/Users/valeriamihalskaa/.m2/repository/com/sun/istack/istack-commons-runtime/3.0.12/istack-commons-runtime-3.0.12.jar:/Users/valeriamihalskaa/.m2/repository/com/sun/activation/jakarta.activation/1.2.2/jakarta.activation-1.2.2.jar:/Users/valeriamihalskaa/.m2/repository/org/springframework/data/spring-data-jpa/2.7.10/spring-data-jpa-2.7.10.jar:/Users/valeriamihalskaa/.m2/repository/org/springframework/data/spring-data-commons/2.7.10/spring-data-commons-2.7.10.jar:/Users/valeriamihalskaa/.m2/repository/org/springframework/spring-orm/5.3.26/spring-orm-5.3.26.jar:/Users/valeriamihalskaa/.m2/repository/org/springframework/spring-tx/5.3.26/spring-tx-5.3.26.jar:/Users/valeriamihalskaa/.m2/repository/com/h2database/h2/2.1.214/h2-2.1.214.jar:/Users/valeriamihalskaa/.m2/repository/org/apache/shiro/shiro-core/1.11.0/shiro-core-1.11.0.jar:/Users/valeriamihalskaa/.m2/repository/org/apache/shiro/shiro-lang/1.11.0/shiro-lang-1.11.0.jar:/Users/valeriamihalskaa/.m2/repository/org/apache/shiro/shiro-cache/1.11.0/shiro-cache-1.11.0.jar:/Users/valeriamihalskaa/.m2/repository/org/apache/shiro/shiro-crypto-hash/1.11.0/shiro-crypto-hash-1.11.0.jar:/Users/valeriamihalskaa/.m2/repository/org/apache/shiro/shiro-crypto-core/1.11.0/shiro-crypto-core-1.11.0.jar:/Users/valeriamihalskaa/.m2/repository/org/apache/shiro/shiro-crypto-cipher/1.11.0/shiro-crypto-cipher-1.11.0.jar:/Users/valeriamihalskaa/.m2/repository/org/apache/shiro/shiro-config-core/1.11.0/shiro-config-core-1.11.0.jar:/Users/valeriamihalskaa/.m2/repository/org/apache/shiro/shiro-config-ogdl/1.11.0/shiro-config-ogdl-1.11.0.jar:/Users/valeriamihalskaa/.m2/repository/commons-beanutils/commons-beanutils/1.9.4/commons-beanutils-1.9.4.jar:/Users/valeriamihalskaa/.m2/repository/commons-collections/commons-collections/3.2.2/commons-collections-3.2.2.jar:/Users/valeriamihalskaa/.m2/repository/org/apache/shiro/shiro-event/1.11.0/shiro-event-1.11.0.jar:/Users/valeriamihalskaa/.m2/repository/org/apache/shiro/shiro-web/1.11.0/shiro-web-1.11.0.jar:/Users/valeriamihalskaa/.m2/repository/org/owasp/encoder/encoder/1.2.3/encoder-1.2.3.jar:/Users/valeriamihalskaa/.m2/repository/com/nimbusds/nimbus-jose-jwt/9.31/nimbus-jose-jwt-9.31.jar:/Users/valeriamihalskaa/.m2/repository/com/github/stephenc/jcip/jcip-annotations/1.0-1/jcip-annotations-1.0-1.jar:/Users/valeriamihalskaa/.m2/repository/org/springframework/boot/spring-boot-starter-web/2.7.10/spring-boot-starter-web-2.7.10.jar:/Users/valeriamihalskaa/.m2/repository/org/springframework/boot/spring-boot-starter/2.7.10/spring-boot-starter-2.7.10.jar:/Users/valeriamihalskaa/.m2/repository/org/springframework/boot/spring-boot/2.7.10/spring-boot-2.7.10.jar:/Users/valeriamihalskaa/.m2/repository/org/springframework/boot/spring-boot-starter-logging/2.7.10/spring-boot-starter-logging-2.7.10.jar:/Users/valeriamihalskaa/.m2/repository/ch/qos/logback/logback-classic/1.2.11/logback-classic-1.2.11.jar:/Users/valeriamihalskaa/.m2/repository/ch/qos/logback/logback-core/1.2.11/logback-core-1.2.11.jar:/Users/valeriamihalskaa/.m2/repository/org/apache/logging/log4j/log4j-to-slf4j/2.17.2/log4j-to-slf4j-2.17.2.jar:/Users/valeriamihalskaa/.m2/repository/org/apache/logging/log4j/log4j-api/2.17.2/log4j-api-2.17.2.jar:/Users/valeriamihalskaa/.m2/repository/org/slf4j/jul-to-slf4j/1.7.36/jul-to-slf4j-1.7.36.jar:/Users/valeriamihalskaa/.m2/repository/jakarta/annotation/jakarta.annotation-api/1.3.5/jakarta.annotation-api-1.3.5.jar:/Users/valeriamihalskaa/.m2/repository/org/yaml/snakeyaml/1.30/snakeyaml-1.30.jar:/Users/valeriamihalskaa/.m2/repository/org/springframework/boot/spring-boot-starter-json/2.7.10/spring-boot-starter-json-2.7.10.jar:/Users/valeriamihalskaa/.m2/repository/com/fasterxml/jackson/core/jackson-databind/2.13.5/jackson-databind-2.13.5.jar:/Users/valeriamihalskaa/.m2/repository/com/fasterxml/jackson/core/jackson-annotations/2.13.5/jackson-annotations-2.13.5.jar:/Users/valeriamihalskaa/.m2/repository/com/fasterxml/jackson/core/jackson-core/2.13.5/jackson-core-2.13.5.jar:/Users/valeriamihalskaa/.m2/repository/com/fasterxml/jackson/datatype/jackson-datatype-jdk8/2.13.5/jackson-datatype-jdk8-2.13.5.jar:/Users/valeriamihalskaa/.m2/repository/com/fasterxml/jackson/datatype/jackson-datatype-jsr310/2.13.5/jackson-datatype-jsr310-2.13.5.jar:/Users/valeriamihalskaa/.m2/repository/com/fasterxml/jackson/module/jackson-module-parameter-names/2.13.5/jackson-module-parameter-names-2.13.5.jar:/Users/valeriamihalskaa/.m2/repository/org/springframework/boot/spring-boot-starter-tomcat/2.7.10/spring-boot-starter-tomcat-2.7.10.jar:/Users/valeriamihalskaa/.m2/repository/org/apache/tomcat/embed/tomcat-embed-core/9.0.73/tomcat-embed-core-9.0.73.jar:/Users/valeriamihalskaa/.m2/repository/org/apache/tomcat/embed/tomcat-embed-el/9.0.73/tomcat-embed-el-9.0.73.jar:/Users/valeriamihalskaa/.m2/repository/org/apache/tomcat/embed/tomcat-embed-websocket/9.0.73/tomcat-embed-websocket-9.0.73.jar:/Users/valeriamihalskaa/.m2/repository/org/springframework/spring-web/5.3.26/spring-web-5.3.26.jar:/Users/valeriamihalskaa/.m2/repository/org/springframework/spring-beans/5.3.26/spring-beans-5.3.26.jar:/Users/valeriamihalskaa/.m2/repository/org/springframework/spring-webmvc/5.3.26/spring-webmvc-5.3.26.jar:/Users/valeriamihalskaa/.m2/repository/org/springframework/spring-aop/5.3.26/spring-aop-5.3.26.jar:/Users/valeriamihalskaa/.m2/repository/org/springframework/spring-context/5.3.26/spring-context-5.3.26.jar:/Users/valeriamihalskaa/.m2/repository/org/springframework/spring-expression/5.3.26/spring-expression-5.3.26.jar:/Users/valeriamihalskaa/.m2/repository/org/springframework/boot/spring-boot-starter-test/2.7.10/spring-boot-starter-test-2.7.10.jar:/Users/valeriamihalskaa/.m2/repository/org/springframework/boot/spring-boot-test/2.7.10/spring-boot-test-2.7.10.jar:/Users/valeriamihalskaa/.m2/repository/org/springframework/boot/spring-boot-test-autoconfigure/2.7.10/spring-boot-test-autoconfigure-2.7.10.jar:/Users/valeriamihalskaa/.m2/repository/com/jayway/jsonpath/json-path/2.7.0/json-path-2.7.0.jar:/Users/valeriamihalskaa/.m2/repository/net/minidev/json-smart/2.4.10/json-smart-2.4.10.jar:/Users/valeriamihalskaa/.m2/repository/net/minidev/accessors-smart/2.4.9/accessors-smart-2.4.9.jar:/Users/valeriamihalskaa/.m2/repository/org/ow2/asm/asm/9.3/asm-9.3.jar:/Users/valeriamihalskaa/.m2/repository/org/slf4j/slf4j-api/1.7.36/slf4j-api-1.7.36.jar:/Users/valeriamihalskaa/.m2/repository/jakarta/xml/bind/jakarta.xml.bind-api/2.3.3/jakarta.xml.bind-api-2.3.3.jar:/Users/valeriamihalskaa/.m2/repository/jakarta/activation/jakarta.activation-api/1.2.2/jakarta.activation-api-1.2.2.jar:/Users/valeriamihalskaa/.m2/repository/org/assertj/assertj-core/3.22.0/assertj-core-3.22.0.jar:/Users/valeriamihalskaa/.m2/repository/org/hamcrest/hamcrest/2.2/hamcrest-2.2.jar:/Users/valeriamihalskaa/.m2/repository/org/junit/jupiter/junit-jupiter/5.8.2/junit-jupiter-5.8.2.jar:/Users/valeriamihalskaa/.m2/repository/org/junit/jupiter/junit-jupiter-api/5.8.2/junit-jupiter-api-5.8.2.jar:/Users/valeriamihalskaa/.m2/repository/org/opentest4j/opentest4j/1.2.0/opentest4j-1.2.0.jar:/Users/valeriamihalskaa/.m2/repository/org/junit/platform/junit-platform-commons/1.8.2/junit-platform-commons-1.8.2.jar:/Users/valeriamihalskaa/.m2/repository/org/apiguardian/apiguardian-api/1.1.2/apiguardian-api-1.1.2.jar:/Users/valeriamihalskaa/.m2/repository/org/junit/jupiter/junit-jupiter-params/5.8.2/junit-jupiter-params-5.8.2.jar:/Users/valeriamihalskaa/.m2/repository/org/junit/jupiter/junit-jupiter-engine/5.8.2/junit-jupiter-engine-5.8.2.jar:/Users/valeriamihalskaa/.m2/repository/org/junit/platform/junit-platform-engine/1.8.2/junit-platform-engine-1.8.2.jar:/Users/valeriamihalskaa/.m2/repository/org/mockito/mockito-core/4.5.1/mockito-core-4.5.1.jar:/Users/valeriamihalskaa/.m2/repository/net/bytebuddy/byte-buddy/1.12.23/byte-buddy-1.12.23.jar:/Users/valeriamihalskaa/.m2/repository/net/bytebuddy/byte-buddy-agent/1.12.23/byte-buddy-agent-1.12.23.jar:/Users/valeriamihalskaa/.m2/repository/org/objenesis/objenesis/3.2/objenesis-3.2.jar:/Users/valeriamihalskaa/.m2/repository/org/mockito/mockito-junit-jupiter/4.5.1/mockito-junit-jupiter-4.5.1.jar:/Users/valeriamihalskaa/.m2/repository/org/skyscreamer/jsonassert/1.5.1/jsonassert-1.5.1.jar:/Users/valeriamihalskaa/.m2/repository/com/vaadin/external/google/android-json/0.0.20131108.vaadin1/android-json-0.0.20131108.vaadin1.jar:/Users/valeriamihalskaa/.m2/repository/org/springframework/spring-core/5.3.26/spring-core-5.3.26.jar:/Users/valeriamihalskaa/.m2/repository/org/springframework/spring-jcl/5.3.26/spring-jcl-5.3.26.jar:/Users/valeriamihalskaa/.m2/repository/org/springframework/spring-test/5.3.26/spring-test-5.3.26.jar:/Users/valeriamihalskaa/.m2/repository/org/xmlunit/xmlunit-core/2.9.1/xmlunit-core-2.9.1.jar:/Users/valeriamihalskaa/.m2/repository/org/apache/shiro/shiro-spring-boot-web-starter/1.11.0/shiro-spring-boot-web-starter-1.11.0.jar:/Users/valeriamihalskaa/.m2/repository/org/apache/shiro/shiro-spring-boot-starter/1.11.0/shiro-spring-boot-starter-1.11.0.jar:/Users/valeriamihalskaa/.m2/repository/org/apache/shiro/shiro-spring/1.11.0/shiro-spring-1.11.0.jar:/Users/valeriamihalskaa/.m2/repository/org/springframework/boot/spring-boot-autoconfigure/2.7.10/spring-boot-autoconfigure-2.7.10.jar:"/>
    <property name="sun.cpu.endian" value="little"/>
    <property name="user.home" value="/Users/valeriamihalskaa"/>
    <property name="user.language" value="de"/>
    <property name="java.specification.vendor" value="Oracle Corporation"/>
    <property name="java.version.date" value="2023-03-21"/>
    <property name="java.home" value="/usr/local/Cellar/openjdk/20/libexec/openjdk.jdk/Contents/Home"/>
    <property name="file.separator" value="/"/>
    <property name="basedir" value="/Users/valeriamihalskaa/Studium/WEB2/REST/code_examples/example06/example06-presentation"/>
    <property name="java.vm.compressedOopsMode" value="Zero based"/>
    <property name="line.separator" value="&#10;"/>
    <property name="java.specification.name" value="Java Platform API Specification"/>
    <property name="java.vm.specification.vendor" value="Oracle Corporation"/>
    <property name="apple.awt.application.name" value="ForkedBooter"/>
    <property name="surefire.real.class.path" value="/Users/valeriamihalskaa/Studium/WEB2/REST/code_examples/example06/example06-presentation/target/surefire/surefirebooter10328538998246030399.jar"/>
    <property name="sun.management.compiler" value="HotSpot 64-Bit Tiered Compilers"/>
    <property name="java.runtime.version" value="20"/>
    <property name="user.name" value="valeriamihalskaa"/>
    <property name="stdout.encoding" value="UTF-8"/>
    <property name="path.separator" value=":"/>
    <property name="os.version" value="12.3.1"/>
    <property name="java.runtime.name" value="OpenJDK Runtime Environment"/>
    <property name="file.encoding" value="UTF-8"/>
    <property name="java.vm.name" value="OpenJDK 64-Bit Server VM"/>
    <property name="java.vendor.version" value="Homebrew"/>
    <property name="localRepository" value="/Users/valeriamihalskaa/.m2/repository"/>
    <property name="java.vendor.url.bug" value="https://github.com/Homebrew/homebrew-core/issues"/>
    <property name="java.io.tmpdir" value="/var/folders/n0/vm27zmd53g30tzxp9cpg7rg80000gn/T/"/>
    <property name="java.version" value="20"/>
    <property name="user.dir" value="/Users/valeriamihalskaa/Studium/WEB2/REST/code_examples/example06/example06-presentation"/>
    <property name="os.arch" value="x86_64"/>
    <property name="java.vm.specification.name" value="Java Virtual Machine Specification"/>
    <property name="native.encoding" value="UTF-8"/>
    <property name="java.library.path" value="/Users/valeriamihalskaa/Library/Java/Extensions:/Library/Java/Extensions:/Network/Library/Java/Extensions:/System/Library/Java/Extensions:/usr/lib/java:."/>
    <property name="java.vm.info" value="mixed mode, sharing"/>
    <property name="stderr.encoding" value="UTF-8"/>
    <property name="java.vendor" value="Homebrew"/>
    <property name="java.vm.version" value="20"/>
    <property name="sun.io.unicode.encoding" value="UnicodeBig"/>
    <property name="java.class.version" value="64.0"/>
  </properties>
  <testcase name="serialize" classname="de.ls5.wt2.jsonidentitiyinfo.JsonIdentityInfoTest" time="0"/>
</testsuite>